2023-04-24 20:43:06.429  INFO 6492 --- [main] team.zlg.file.Application                : Starting Application using Java 1.8.0_131 on MILUYOU with PID 6492 (E:\Graduation Project\xiguafile\target\classes started by 86135 in E:\Graduation Project\xiguafile)
2023-04-24 20:43:06.434  INFO 6492 --- [main] team.zlg.file.Application                : No active profile set, falling back to default profiles: default
2023-04-24 20:43:07.279  INFO 6492 --- [main] .s.d.r.c.RepositoryConfigurationDelegate : Multiple Spring Data modules found, entering strict repository configuration mode!
2023-04-24 20:43:07.280  INFO 6492 --- [main] .s.d.r.c.RepositoryConfigurationDelegate : Bootstrapping Spring Data JDBC repositories in DEFAULT mode.
2023-04-24 20:43:07.294  INFO 6492 --- [main] .s.d.r.c.RepositoryConfigurationDelegate : Finished Spring Data repository scanning in 10 ms. Found 0 JDBC repository interfaces.
2023-04-24 20:43:07.300  INFO 6492 --- [main] .s.d.r.c.RepositoryConfigurationDelegate : Multiple Spring Data modules found, entering strict repository configuration mode!
2023-04-24 20:43:07.300  INFO 6492 --- [main] .s.d.r.c.RepositoryConfigurationDelegate : Bootstrapping Spring Data JPA repositories in DEFAULT mode.
2023-04-24 20:43:07.308  INFO 6492 --- [main] .s.d.r.c.RepositoryConfigurationDelegate : Finished Spring Data repository scanning in 4 ms. Found 0 JPA repository interfaces.
2023-04-24 20:43:07.319  INFO 6492 --- [main] .s.d.r.c.RepositoryConfigurationDelegate : Multiple Spring Data modules found, entering strict repository configuration mode!
2023-04-24 20:43:07.320  INFO 6492 --- [main] .s.d.r.c.RepositoryConfigurationDelegate : Bootstrapping Spring Data Redis repositories in DEFAULT mode.
2023-04-24 20:43:07.332  INFO 6492 --- [main] .s.d.r.c.RepositoryConfigurationDelegate : Finished Spring Data repository scanning in 4 ms. Found 0 Redis repository interfaces.
2023-04-24 20:43:07.778  INFO 6492 --- [main] o.s.b.w.embedded.tomcat.TomcatWebServer  : Tomcat initialized with port(s): 8081 (http)
2023-04-24 20:43:07.785  INFO 6492 --- [main] o.apache.catalina.core.StandardService   : Starting service [Tomcat]
2023-04-24 20:43:07.786  INFO 6492 --- [main] org.apache.catalina.core.StandardEngine  : Starting Servlet engine: [Apache Tomcat/9.0.41]
2023-04-24 20:43:07.881  INFO 6492 --- [main] o.a.c.c.C.[Tomcat].[localhost].[/]       : Initializing Spring embedded WebApplicationContext
2023-04-24 20:43:07.881  INFO 6492 --- [main] w.s.c.ServletWebServerApplicationContext : Root WebApplicationContext: initialization completed in 1396 ms
2023-04-24 20:43:08.039  INFO 6492 --- [main] o.hibernate.jpa.internal.util.LogHelper  : HHH000204: Processing PersistenceUnitInfo [name: default]
2023-04-24 20:43:08.111  INFO 6492 --- [main] org.hibernate.Version                    : HHH000412: Hibernate ORM core version 5.4.25.Final
2023-04-24 20:43:08.337  INFO 6492 --- [main] o.hibernate.annotations.common.Version   : HCANN000001: Hibernate Commons Annotations {5.1.2.Final}
2023-04-24 20:43:08.434  INFO 6492 --- [main] com.zaxxer.hikari.HikariDataSource       : HikariPool-1 - Starting...
2023-04-24 20:43:09.117  INFO 6492 --- [main] com.zaxxer.hikari.HikariDataSource       : HikariPool-1 - Start completed.
2023-04-24 20:43:09.131  INFO 6492 --- [main] org.hibernate.dialect.Dialect            : HHH000400: Using dialect: org.hibernate.dialect.MySQL5InnoDBDialect
2023-04-24 20:43:09.638  INFO 6492 --- [main] o.h.e.t.j.p.i.JtaPlatformInitiator       : HHH000490: Using JtaPlatform implementation: [org.hibernate.engine.transaction.jta.platform.internal.NoJtaPlatform]
2023-04-24 20:43:09.645  INFO 6492 --- [main] j.LocalContainerEntityManagerFactoryBean : Initialized JPA EntityManagerFactory for persistence unit 'default'
2023-04-24 20:43:10.969  WARN 6492 --- [main] JpaBaseConfiguration$JpaWebConfiguration : spring.jpa.open-in-view is enabled by default. Therefore, database queries may be performed during view rendering. Explicitly configure spring.jpa.open-in-view to disable this warning
2023-04-24 20:43:11.365  INFO 6492 --- [main] o.s.s.concurrent.ThreadPoolTaskExecutor  : Initializing ExecutorService 'applicationTaskExecutor'
2023-04-24 20:43:11.617  INFO 6492 --- [main] o.s.b.w.embedded.tomcat.TomcatWebServer  : Tomcat started on port(s): 8081 (http) with context path ''
2023-04-24 20:43:11.853  INFO 6492 --- [main] team.zlg.file.Application                : Started Application in 5.831 seconds (JVM running for 7.103)
2023-04-24 20:43:11.856  INFO 6492 --- [main] team.zlg.file.Application                : 项目启动成功
2023-04-24 20:43:30.357  INFO 6492 --- [http-nio-8081-exec-1] o.a.c.c.C.[Tomcat].[localhost].[/]       : Initializing Spring DispatcherServlet 'dispatcherServlet'
2023-04-24 20:43:30.357  INFO 6492 --- [http-nio-8081-exec-1] o.s.web.servlet.DispatcherServlet        : Initializing Servlet 'dispatcherServlet'
2023-04-24 20:43:30.362  INFO 6492 --- [http-nio-8081-exec-1] o.s.web.servlet.DispatcherServlet        : Completed initialization in 5 ms
2023-04-24 20:43:30.540 ERROR 6492 --- [http-nio-8081-exec-1] team.zlg.file.controller.UserController  : 解码异常
2023-04-24 20:43:31.282 ERROR 6492 --- [http-nio-8081-exec-2] team.zlg.file.controller.UserController  : 解码异常
2023-04-24 21:01:24.785 ERROR 6492 --- [http-nio-8081-exec-9] team.zlg.file.controller.UserController  : 解码异常
2023-04-24 21:03:24.849 ERROR 6492 --- [http-nio-8081-exec-3] t.z.f.a.GlobalExceptionHandlerAdvice     : 全局异常捕获：java.lang.NullPointerException
2023-04-24 21:03:28.687 ERROR 6492 --- [http-nio-8081-exec-4] t.z.f.a.GlobalExceptionHandlerAdvice     : 全局异常捕获：java.lang.NullPointerException
2023-04-24 21:06:07.257  INFO 6492 --- [http-nio-8081-exec-6] team.zlg.file.controller.UserController  : code=5656
2023-04-24 22:28:44.017  INFO 19740 --- [main] team.zlg.file.Application                : Starting Application using Java 1.8.0_131 on MILUYOU with PID 19740 (E:\Graduation Project\xiguafile\target\classes started by 86135 in E:\Graduation Project\xiguafile)
2023-04-24 22:28:44.027  INFO 19740 --- [main] team.zlg.file.Application                : No active profile set, falling back to default profiles: default
2023-04-24 22:28:45.254  INFO 19740 --- [main] .s.d.r.c.RepositoryConfigurationDelegate : Multiple Spring Data modules found, entering strict repository configuration mode!
2023-04-24 22:28:45.255  INFO 19740 --- [main] .s.d.r.c.RepositoryConfigurationDelegate : Bootstrapping Spring Data JDBC repositories in DEFAULT mode.
2023-04-24 22:28:45.272  INFO 19740 --- [main] .s.d.r.c.RepositoryConfigurationDelegate : Finished Spring Data repository scanning in 11 ms. Found 0 JDBC repository interfaces.
2023-04-24 22:28:45.279  INFO 19740 --- [main] .s.d.r.c.RepositoryConfigurationDelegate : Multiple Spring Data modules found, entering strict repository configuration mode!
2023-04-24 22:28:45.279  INFO 19740 --- [main] .s.d.r.c.RepositoryConfigurationDelegate : Bootstrapping Spring Data JPA repositories in DEFAULT mode.
2023-04-24 22:28:45.288  INFO 19740 --- [main] .s.d.r.c.RepositoryConfigurationDelegate : Finished Spring Data repository scanning in 4 ms. Found 0 JPA repository interfaces.
2023-04-24 22:28:45.306  INFO 19740 --- [main] .s.d.r.c.RepositoryConfigurationDelegate : Multiple Spring Data modules found, entering strict repository configuration mode!
2023-04-24 22:28:45.308  INFO 19740 --- [main] .s.d.r.c.RepositoryConfigurationDelegate : Bootstrapping Spring Data Redis repositories in DEFAULT mode.
2023-04-24 22:28:45.327  INFO 19740 --- [main] .s.d.r.c.RepositoryConfigurationDelegate : Finished Spring Data repository scanning in 7 ms. Found 0 Redis repository interfaces.
2023-04-24 22:28:45.956  INFO 19740 --- [main] o.s.b.w.embedded.tomcat.TomcatWebServer  : Tomcat initialized with port(s): 8081 (http)
2023-04-24 22:28:45.964  INFO 19740 --- [main] o.apache.catalina.core.StandardService   : Starting service [Tomcat]
2023-04-24 22:28:45.965  INFO 19740 --- [main] org.apache.catalina.core.StandardEngine  : Starting Servlet engine: [Apache Tomcat/9.0.41]
2023-04-24 22:28:46.074  INFO 19740 --- [main] o.a.c.c.C.[Tomcat].[localhost].[/]       : Initializing Spring embedded WebApplicationContext
2023-04-24 22:28:46.074  INFO 19740 --- [main] w.s.c.ServletWebServerApplicationContext : Root WebApplicationContext: initialization completed in 1984 ms
2023-04-24 22:28:46.234  INFO 19740 --- [main] o.hibernate.jpa.internal.util.LogHelper  : HHH000204: Processing PersistenceUnitInfo [name: default]
2023-04-24 22:28:46.303  INFO 19740 --- [main] org.hibernate.Version                    : HHH000412: Hibernate ORM core version 5.4.25.Final
2023-04-24 22:28:46.530  INFO 19740 --- [main] o.hibernate.annotations.common.Version   : HCANN000001: Hibernate Commons Annotations {5.1.2.Final}
2023-04-24 22:28:46.624  INFO 19740 --- [main] com.zaxxer.hikari.HikariDataSource       : HikariPool-1 - Starting...
2023-04-24 22:28:47.479  INFO 19740 --- [main] com.zaxxer.hikari.HikariDataSource       : HikariPool-1 - Start completed.
2023-04-24 22:28:47.494  INFO 19740 --- [main] org.hibernate.dialect.Dialect            : HHH000400: Using dialect: org.hibernate.dialect.MySQL5InnoDBDialect
2023-04-24 22:28:48.111  INFO 19740 --- [main] o.h.e.t.j.p.i.JtaPlatformInitiator       : HHH000490: Using JtaPlatform implementation: [org.hibernate.engine.transaction.jta.platform.internal.NoJtaPlatform]
2023-04-24 22:28:48.119  INFO 19740 --- [main] j.LocalContainerEntityManagerFactoryBean : Initialized JPA EntityManagerFactory for persistence unit 'default'
2023-04-24 22:28:49.813  WARN 19740 --- [main] JpaBaseConfiguration$JpaWebConfiguration : spring.jpa.open-in-view is enabled by default. Therefore, database queries may be performed during view rendering. Explicitly configure spring.jpa.open-in-view to disable this warning
2023-04-24 22:28:50.189  INFO 19740 --- [main] o.s.s.concurrent.ThreadPoolTaskExecutor  : Initializing ExecutorService 'applicationTaskExecutor'
2023-04-24 22:28:50.452  INFO 19740 --- [main] o.s.b.w.embedded.tomcat.TomcatWebServer  : Tomcat started on port(s): 8081 (http) with context path ''
2023-04-24 22:28:50.712  INFO 19740 --- [main] team.zlg.file.Application                : Started Application in 7.336 seconds (JVM running for 9.578)
2023-04-24 22:28:50.714  INFO 19740 --- [main] team.zlg.file.Application                : 项目启动成功
2023-04-24 22:29:06.668  INFO 19740 --- [http-nio-8081-exec-1] o.a.c.c.C.[Tomcat].[localhost].[/]       : Initializing Spring DispatcherServlet 'dispatcherServlet'
2023-04-24 22:29:06.668  INFO 19740 --- [http-nio-8081-exec-1] o.s.web.servlet.DispatcherServlet        : Initializing Servlet 'dispatcherServlet'
2023-04-24 22:29:06.670  INFO 19740 --- [http-nio-8081-exec-1] o.s.web.servlet.DispatcherServlet        : Completed initialization in 2 ms
2023-04-24 22:29:06.764 ERROR 19740 --- [http-nio-8081-exec-1] team.zlg.file.controller.UserController  : 解码异常
2023-04-24 22:29:07.290 ERROR 19740 --- [http-nio-8081-exec-2] team.zlg.file.controller.UserController  : 解码异常
2023-04-24 22:32:48.660  INFO 19740 --- [Thread-20] t.z.f.service.impl.UserfileServiceImpl   : 查询文件路径：/文件夹3/
2023-04-24 22:34:06.318  INFO 18300 --- [main] team.zlg.file.Application                : Starting Application using Java 1.8.0_131 on MILUYOU with PID 18300 (E:\Graduation Project\xiguafile\target\classes started by 86135 in E:\Graduation Project\xiguafile)
2023-04-24 22:34:06.321  INFO 18300 --- [main] team.zlg.file.Application                : No active profile set, falling back to default profiles: default
2023-04-24 22:34:07.164  INFO 18300 --- [main] .s.d.r.c.RepositoryConfigurationDelegate : Multiple Spring Data modules found, entering strict repository configuration mode!
2023-04-24 22:34:07.165  INFO 18300 --- [main] .s.d.r.c.RepositoryConfigurationDelegate : Bootstrapping Spring Data JDBC repositories in DEFAULT mode.
2023-04-24 22:34:07.177  INFO 18300 --- [main] .s.d.r.c.RepositoryConfigurationDelegate : Finished Spring Data repository scanning in 9 ms. Found 0 JDBC repository interfaces.
2023-04-24 22:34:07.182  INFO 18300 --- [main] .s.d.r.c.RepositoryConfigurationDelegate : Multiple Spring Data modules found, entering strict repository configuration mode!
2023-04-24 22:34:07.182  INFO 18300 --- [main] .s.d.r.c.RepositoryConfigurationDelegate : Bootstrapping Spring Data JPA repositories in DEFAULT mode.
2023-04-24 22:34:07.190  INFO 18300 --- [main] .s.d.r.c.RepositoryConfigurationDelegate : Finished Spring Data repository scanning in 4 ms. Found 0 JPA repository interfaces.
2023-04-24 22:34:07.200  INFO 18300 --- [main] .s.d.r.c.RepositoryConfigurationDelegate : Multiple Spring Data modules found, entering strict repository configuration mode!
2023-04-24 22:34:07.201  INFO 18300 --- [main] .s.d.r.c.RepositoryConfigurationDelegate : Bootstrapping Spring Data Redis repositories in DEFAULT mode.
2023-04-24 22:34:07.211  INFO 18300 --- [main] .s.d.r.c.RepositoryConfigurationDelegate : Finished Spring Data repository scanning in 4 ms. Found 0 Redis repository interfaces.
2023-04-24 22:34:07.662  INFO 18300 --- [main] o.s.b.w.embedded.tomcat.TomcatWebServer  : Tomcat initialized with port(s): 8081 (http)
2023-04-24 22:34:07.669  INFO 18300 --- [main] o.apache.catalina.core.StandardService   : Starting service [Tomcat]
2023-04-24 22:34:07.669  INFO 18300 --- [main] org.apache.catalina.core.StandardEngine  : Starting Servlet engine: [Apache Tomcat/9.0.41]
2023-04-24 22:34:07.754  INFO 18300 --- [main] o.a.c.c.C.[Tomcat].[localhost].[/]       : Initializing Spring embedded WebApplicationContext
2023-04-24 22:34:07.755  INFO 18300 --- [main] w.s.c.ServletWebServerApplicationContext : Root WebApplicationContext: initialization completed in 1382 ms
2023-04-24 22:34:07.872  INFO 18300 --- [main] o.hibernate.jpa.internal.util.LogHelper  : HHH000204: Processing PersistenceUnitInfo [name: default]
2023-04-24 22:34:07.919  INFO 18300 --- [main] org.hibernate.Version                    : HHH000412: Hibernate ORM core version 5.4.25.Final
2023-04-24 22:34:08.095  INFO 18300 --- [main] o.hibernate.annotations.common.Version   : HCANN000001: Hibernate Commons Annotations {5.1.2.Final}
2023-04-24 22:34:08.173  INFO 18300 --- [main] com.zaxxer.hikari.HikariDataSource       : HikariPool-1 - Starting...
2023-04-24 22:34:08.791  INFO 18300 --- [main] com.zaxxer.hikari.HikariDataSource       : HikariPool-1 - Start completed.
2023-04-24 22:34:08.800  INFO 18300 --- [main] org.hibernate.dialect.Dialect            : HHH000400: Using dialect: org.hibernate.dialect.MySQL5InnoDBDialect
2023-04-24 22:34:09.252  INFO 18300 --- [main] o.h.e.t.j.p.i.JtaPlatformInitiator       : HHH000490: Using JtaPlatform implementation: [org.hibernate.engine.transaction.jta.platform.internal.NoJtaPlatform]
2023-04-24 22:34:09.259  INFO 18300 --- [main] j.LocalContainerEntityManagerFactoryBean : Initialized JPA EntityManagerFactory for persistence unit 'default'
2023-04-24 22:34:10.575  WARN 18300 --- [main] JpaBaseConfiguration$JpaWebConfiguration : spring.jpa.open-in-view is enabled by default. Therefore, database queries may be performed during view rendering. Explicitly configure spring.jpa.open-in-view to disable this warning
2023-04-24 22:34:10.898  INFO 18300 --- [main] o.s.s.concurrent.ThreadPoolTaskExecutor  : Initializing ExecutorService 'applicationTaskExecutor'
2023-04-24 22:34:11.114  INFO 18300 --- [main] o.s.b.w.embedded.tomcat.TomcatWebServer  : Tomcat started on port(s): 8081 (http) with context path ''
2023-04-24 22:34:11.336  INFO 18300 --- [main] team.zlg.file.Application                : Started Application in 5.486 seconds (JVM running for 6.674)
2023-04-24 22:34:11.338  INFO 18300 --- [main] team.zlg.file.Application                : 项目启动成功
2023-04-24 22:34:23.672  INFO 18300 --- [http-nio-8081-exec-1] o.a.c.c.C.[Tomcat].[localhost].[/]       : Initializing Spring DispatcherServlet 'dispatcherServlet'
2023-04-24 22:34:23.672  INFO 18300 --- [http-nio-8081-exec-1] o.s.web.servlet.DispatcherServlet        : Initializing Servlet 'dispatcherServlet'
2023-04-24 22:34:23.675  INFO 18300 --- [http-nio-8081-exec-1] o.s.web.servlet.DispatcherServlet        : Completed initialization in 3 ms
2023-04-24 22:34:27.468  INFO 18300 --- [Thread-16] t.z.f.service.impl.UserfileServiceImpl   : 查询文件路径：/文件夹3/
2023-04-24 22:49:12.512  WARN 18300 --- [RMI TCP Accept-0] sun.rmi.transport.tcp                    : RMI TCP Accept-0: accept loop for ServerSocket[addr=0.0.0.0/0.0.0.0,localport=62597] throws

java.io.IOException: The server sockets created using the LocalRMIServerSocketFactory only accept connections from clients running on the host where the RMI remote objects have been exported.
	at sun.management.jmxremote.LocalRMIServerSocketFactory$1.accept(LocalRMIServerSocketFactory.java:114) ~[na:1.8.0_131]
	at sun.rmi.transport.tcp.TCPTransport$AcceptLoop.executeAcceptLoop(TCPTransport.java:400) [na:1.8.0_131]
	at sun.rmi.transport.tcp.TCPTransport$AcceptLoop.run(TCPTransport.java:372) [na:1.8.0_131]
	at java.lang.Thread.run(Thread.java:748) [na:1.8.0_131]

2023-04-24 22:49:12.830  WARN 18300 --- [RMI TCP Accept-0] sun.rmi.transport.tcp                    : RMI TCP Accept-0: accept loop for ServerSocket[addr=0.0.0.0/0.0.0.0,localport=62597] throws

java.io.IOException: The server sockets created using the LocalRMIServerSocketFactory only accept connections from clients running on the host where the RMI remote objects have been exported.
	at sun.management.jmxremote.LocalRMIServerSocketFactory$1.accept(LocalRMIServerSocketFactory.java:114) ~[na:1.8.0_131]
	at sun.rmi.transport.tcp.TCPTransport$AcceptLoop.executeAcceptLoop(TCPTransport.java:400) [na:1.8.0_131]
	at sun.rmi.transport.tcp.TCPTransport$AcceptLoop.run(TCPTransport.java:372) [na:1.8.0_131]
	at java.lang.Thread.run(Thread.java:748) [na:1.8.0_131]

2023-04-24 22:49:14.147  WARN 18300 --- [RMI TCP Accept-0] sun.rmi.transport.tcp                    : RMI TCP Accept-0: accept loop for ServerSocket[addr=0.0.0.0/0.0.0.0,localport=62597] throws

java.io.IOException: The server sockets created using the LocalRMIServerSocketFactory only accept connections from clients running on the host where the RMI remote objects have been exported.
	at sun.management.jmxremote.LocalRMIServerSocketFactory$1.accept(LocalRMIServerSocketFactory.java:114) ~[na:1.8.0_131]
	at sun.rmi.transport.tcp.TCPTransport$AcceptLoop.executeAcceptLoop(TCPTransport.java:400) [na:1.8.0_131]
	at sun.rmi.transport.tcp.TCPTransport$AcceptLoop.run(TCPTransport.java:372) [na:1.8.0_131]
	at java.lang.Thread.run(Thread.java:748) [na:1.8.0_131]

2023-04-24 22:49:16.507  WARN 18300 --- [RMI TCP Accept-0] sun.rmi.transport.tcp                    : RMI TCP Accept-0: accept loop for ServerSocket[addr=0.0.0.0/0.0.0.0,localport=62597] throws

java.io.IOException: The server sockets created using the LocalRMIServerSocketFactory only accept connections from clients running on the host where the RMI remote objects have been exported.
	at sun.management.jmxremote.LocalRMIServerSocketFactory$1.accept(LocalRMIServerSocketFactory.java:114) ~[na:1.8.0_131]
	at sun.rmi.transport.tcp.TCPTransport$AcceptLoop.executeAcceptLoop(TCPTransport.java:400) [na:1.8.0_131]
	at sun.rmi.transport.tcp.TCPTransport$AcceptLoop.run(TCPTransport.java:372) [na:1.8.0_131]
	at java.lang.Thread.run(Thread.java:748) [na:1.8.0_131]

2023-04-24 22:49:20.808  WARN 18300 --- [RMI TCP Accept-0] sun.rmi.transport.tcp                    : RMI TCP Accept-0: accept loop for ServerSocket[addr=0.0.0.0/0.0.0.0,localport=62597] throws

java.io.IOException: The server sockets created using the LocalRMIServerSocketFactory only accept connections from clients running on the host where the RMI remote objects have been exported.
	at sun.management.jmxremote.LocalRMIServerSocketFactory$1.accept(LocalRMIServerSocketFactory.java:114) ~[na:1.8.0_131]
	at sun.rmi.transport.tcp.TCPTransport$AcceptLoop.executeAcceptLoop(TCPTransport.java:400) [na:1.8.0_131]
	at sun.rmi.transport.tcp.TCPTransport$AcceptLoop.run(TCPTransport.java:372) [na:1.8.0_131]
	at java.lang.Thread.run(Thread.java:748) [na:1.8.0_131]

2023-04-24 22:49:29.119  WARN 18300 --- [RMI TCP Accept-0] sun.rmi.transport.tcp                    : RMI TCP Accept-0: accept loop for ServerSocket[addr=0.0.0.0/0.0.0.0,localport=62597] throws

java.io.IOException: The server sockets created using the LocalRMIServerSocketFactory only accept connections from clients running on the host where the RMI remote objects have been exported.
	at sun.management.jmxremote.LocalRMIServerSocketFactory$1.accept(LocalRMIServerSocketFactory.java:114) ~[na:1.8.0_131]
	at sun.rmi.transport.tcp.TCPTransport$AcceptLoop.executeAcceptLoop(TCPTransport.java:400) [na:1.8.0_131]
	at sun.rmi.transport.tcp.TCPTransport$AcceptLoop.run(TCPTransport.java:372) [na:1.8.0_131]
	at java.lang.Thread.run(Thread.java:748) [na:1.8.0_131]

2023-04-24 22:49:45.444  WARN 18300 --- [RMI TCP Accept-0] sun.rmi.transport.tcp                    : RMI TCP Accept-0: accept loop for ServerSocket[addr=0.0.0.0/0.0.0.0,localport=62597] throws

java.io.IOException: The server sockets created using the LocalRMIServerSocketFactory only accept connections from clients running on the host where the RMI remote objects have been exported.
	at sun.management.jmxremote.LocalRMIServerSocketFactory$1.accept(LocalRMIServerSocketFactory.java:114) ~[na:1.8.0_131]
	at sun.rmi.transport.tcp.TCPTransport$AcceptLoop.executeAcceptLoop(TCPTransport.java:400) [na:1.8.0_131]
	at sun.rmi.transport.tcp.TCPTransport$AcceptLoop.run(TCPTransport.java:372) [na:1.8.0_131]
	at java.lang.Thread.run(Thread.java:748) [na:1.8.0_131]

2023-04-24 22:50:17.761  WARN 18300 --- [RMI TCP Accept-0] sun.rmi.transport.tcp                    : RMI TCP Accept-0: accept loop for ServerSocket[addr=0.0.0.0/0.0.0.0,localport=62597] throws

java.io.IOException: The server sockets created using the LocalRMIServerSocketFactory only accept connections from clients running on the host where the RMI remote objects have been exported.
	at sun.management.jmxremote.LocalRMIServerSocketFactory$1.accept(LocalRMIServerSocketFactory.java:114) ~[na:1.8.0_131]
	at sun.rmi.transport.tcp.TCPTransport$AcceptLoop.executeAcceptLoop(TCPTransport.java:400) [na:1.8.0_131]
	at sun.rmi.transport.tcp.TCPTransport$AcceptLoop.run(TCPTransport.java:372) [na:1.8.0_131]
	at java.lang.Thread.run(Thread.java:748) [na:1.8.0_131]

2023-04-24 22:51:22.080  WARN 18300 --- [RMI TCP Accept-0] sun.rmi.transport.tcp                    : RMI TCP Accept-0: accept loop for ServerSocket[addr=0.0.0.0/0.0.0.0,localport=62597] throws

java.io.IOException: The server sockets created using the LocalRMIServerSocketFactory only accept connections from clients running on the host where the RMI remote objects have been exported.
	at sun.management.jmxremote.LocalRMIServerSocketFactory$1.accept(LocalRMIServerSocketFactory.java:114) ~[na:1.8.0_131]
	at sun.rmi.transport.tcp.TCPTransport$AcceptLoop.executeAcceptLoop(TCPTransport.java:400) [na:1.8.0_131]
	at sun.rmi.transport.tcp.TCPTransport$AcceptLoop.run(TCPTransport.java:372) [na:1.8.0_131]
	at java.lang.Thread.run(Thread.java:748) [na:1.8.0_131]

